TN:
SF:src\entities\Client.ts
FN:8,Client
FNF:1
FNH:1
FNDA:2,Client
DA:1,1
DA:2,1
DA:3,1
DA:4,1
DA:5,1
DA:6,1
DA:7,1
DA:8,1
DA:9,2
DA:10,2
DA:11,2
DA:12,2
DA:13,2
DA:14,2
DA:15,2
DA:16,1
LF:16
LH:16
BRDA:8,0,0,2
BRF:1
BRH:1
end_of_record
TN:
SF:src\entities\Deliveryman.ts
FN:8,Deliveryman
FNF:1
FNH:1
FNDA:2,Deliveryman
DA:1,1
DA:2,1
DA:3,1
DA:4,1
DA:5,1
DA:6,1
DA:7,1
DA:8,1
DA:9,2
DA:10,2
DA:11,2
DA:12,2
DA:13,2
DA:14,2
DA:15,2
DA:16,1
LF:16
LH:16
BRDA:8,0,0,2
BRF:1
BRH:1
end_of_record
TN:
SF:src\modules\Error\appError.ts
FN:4,AppError
FNF:1
FNH:0
FNDA:0,AppError
DA:1,1
DA:2,1
DA:3,1
DA:4,1
DA:5,0
DA:6,0
DA:7,0
DA:8,1
LF:8
LH:5
BRF:0
BRH:0
end_of_record
TN:
SF:src\modules\Error\deliverymanErrors\deliverymanAlreadyExists.ts
FN:4,DeliverymanAlreadyExists
FNF:1
FNH:0
FNDA:0,DeliverymanAlreadyExists
DA:1,1
DA:2,1
DA:3,1
DA:4,1
DA:5,0
DA:6,0
DA:7,1
LF:7
LH:5
BRF:0
BRH:0
end_of_record
TN:
SF:src\modules\Error\userErrors\userAlreadyExistsError.ts
FN:4,UserAlreadyExists
FNF:1
FNH:0
FNDA:0,UserAlreadyExists
DA:1,1
DA:2,1
DA:3,1
DA:4,1
DA:5,0
DA:6,0
DA:7,1
LF:7
LH:5
BRF:0
BRH:0
end_of_record
TN:
SF:src\modules\clients\repository\inMemory\createClientInMemory.ts
FN:7,CreateClientInMemory
FN:10,findByUsername
FN:18,create
FNF:3
FNH:3
FNDA:2,CreateClientInMemory
FNDA:3,findByUsername
FNDA:2,create
DA:1,1
DA:2,1
DA:3,1
DA:4,1
DA:5,1
DA:6,1
DA:7,2
DA:8,2
DA:9,2
DA:10,2
DA:11,3
DA:12,3
DA:13,3
DA:14,3
DA:15,3
DA:16,3
DA:17,2
DA:18,2
DA:19,2
DA:20,2
DA:21,2
DA:22,2
DA:23,2
DA:24,2
DA:25,2
DA:26,2
DA:27,2
DA:28,2
DA:29,2
LF:29
LH:29
BRDA:7,0,0,2
BRDA:10,1,0,3
BRDA:12,2,0,1
BRDA:18,3,0,2
BRF:4
BRH:4
end_of_record
TN:
SF:src\modules\clients\usecase\createClient\createClientsUseCase.ts
FN:13,CreateClientUseCase
FN:14,execute
FNF:2
FNH:2
FNDA:2,CreateClientUseCase
FNDA:2,execute
DA:1,1
DA:2,1
DA:3,1
DA:4,1
DA:5,1
DA:6,1
DA:7,1
DA:8,1
DA:9,1
DA:10,1
DA:11,1
DA:12,1
DA:13,1
DA:14,1
DA:15,2
DA:16,2
DA:17,2
DA:18,2
DA:19,2
DA:20,0
DA:21,0
DA:22,2
DA:23,1
DA:24,1
DA:25,1
DA:26,1
DA:27,1
DA:28,1
DA:29,1
DA:30,1
DA:31,1
LF:31
LH:29
BRDA:13,0,0,2
BRDA:14,1,0,2
BRDA:19,2,0,0
BRDA:23,3,0,1
BRF:4
BRH:3
end_of_record
TN:
SF:src\modules\deliveryman\deliverymanInMemory\deliverymanInMemory.ts
FN:5,DelverymanInMemory
FN:8,findByUserName
FN:15,create
FNF:3
FNH:3
FNDA:2,DelverymanInMemory
FNDA:2,findByUserName
FNDA:2,create
DA:1,1
DA:2,1
DA:3,1
DA:4,1
DA:5,2
DA:6,2
DA:7,2
DA:8,2
DA:9,2
DA:10,2
DA:11,2
DA:12,2
DA:13,2
DA:14,2
DA:15,2
DA:16,2
DA:17,2
DA:18,2
DA:19,2
DA:20,2
DA:21,2
DA:22,2
DA:23,2
DA:24,2
DA:25,2
LF:25
LH:25
BRDA:5,0,0,2
BRDA:8,1,0,2
BRDA:15,2,0,2
BRF:3
BRH:3
end_of_record
TN:
SF:src\modules\deliveryman\usecase\createDeliveryman\createDeliverymanUseCase.ts
FN:14,CreateDeliverymanUseCase
FN:16,execute
FNF:2
FNH:2
FNDA:2,CreateDeliverymanUseCase
FNDA:2,execute
DA:1,1
DA:2,1
DA:3,1
DA:4,1
DA:5,1
DA:6,1
DA:7,1
DA:8,1
DA:9,1
DA:10,1
DA:11,1
DA:12,1
DA:13,1
DA:14,1
DA:15,1
DA:16,1
DA:17,2
DA:18,2
DA:19,2
DA:20,2
DA:21,2
DA:22,0
DA:23,0
DA:24,2
DA:25,1
DA:26,1
DA:27,1
DA:28,1
DA:29,1
DA:30,1
DA:31,1
DA:32,1
LF:32
LH:30
BRDA:14,0,0,2
BRDA:16,1,0,2
BRDA:21,2,0,0
BRDA:25,3,0,1
BRF:4
BRH:3
end_of_record
